<?xml version="1.0" encoding="UTF-8"?>
<testng-results ignored="0" total="1" passed="1" failed="0" skipped="0">
  <reporter-output>
  </reporter-output>
  <suite started-at="2023-04-06T10:41:03 IST" name="Default suite" finished-at="2023-04-06T10:41:42 IST" duration-ms="39431">
    <groups>
      <group name="RegressionSuite">
        <method signature="CreateContactWithOrganization_Test.createContactWithOrgTest()[pri:0, instance:BaseClass.Tests.CreateContactWithOrganization_Test@1b11171f]" name="createContactWithOrgTest" class="BaseClass.Tests.CreateContactWithOrganization_Test"/>
      </group> <!-- RegressionSuite -->
    </groups>
    <test started-at="2023-04-06T10:41:03 IST" name="Default test" finished-at="2023-04-06T10:41:42 IST" duration-ms="39431">
      <class name="BaseClass.Tests.CreateContactWithOrganization_Test">
        <test-method is-config="true" signature="bsConfig()[pri:0, instance:BaseClass.Tests.CreateContactWithOrganization_Test@1b11171f]" started-at="2023-04-06T10:41:03 IST" name="bsConfig" finished-at="2023-04-06T10:41:03 IST" duration-ms="15" status="PASS">
          <reporter-output>
          </reporter-output>
        </test-method> <!-- bsConfig -->
        <test-method is-config="true" signature="bcConfig()[pri:0, instance:BaseClass.Tests.CreateContactWithOrganization_Test@1b11171f]" started-at="2023-04-06T10:41:03 IST" name="bcConfig" finished-at="2023-04-06T10:41:14 IST" duration-ms="10712" status="PASS">
          <reporter-output>
          </reporter-output>
        </test-method> <!-- bcConfig -->
        <test-method is-config="true" signature="bmConfig()[pri:0, instance:BaseClass.Tests.CreateContactWithOrganization_Test@1b11171f]" started-at="2023-04-06T10:41:14 IST" name="bmConfig" finished-at="2023-04-06T10:41:18 IST" duration-ms="4091" status="PASS">
          <reporter-output>
          </reporter-output>
        </test-method> <!-- bmConfig -->
        <test-method signature="createContactWithOrgTest()[pri:0, instance:BaseClass.Tests.CreateContactWithOrganization_Test@1b11171f]" started-at="2023-04-06T10:41:18 IST" name="createContactWithOrgTest" finished-at="2023-04-06T10:41:41 IST" duration-ms="22819" status="PASS">
          <reporter-output>
          </reporter-output>
        </test-method> <!-- createContactWithOrgTest -->
        <test-method is-config="true" signature="amConfig()[pri:0, instance:BaseClass.Tests.CreateContactWithOrganization_Test@1b11171f]" started-at="2023-04-06T10:41:41 IST" name="amConfig" finished-at="2023-04-06T10:41:41 IST" duration-ms="12" status="PASS">
          <reporter-output>
          </reporter-output>
        </test-method> <!-- amConfig -->
        <test-method is-config="true" signature="acConfig()[pri:0, instance:BaseClass.Tests.CreateContactWithOrganization_Test@1b11171f]" started-at="2023-04-06T10:41:41 IST" name="acConfig" finished-at="2023-04-06T10:41:42 IST" duration-ms="868" status="PASS">
          <reporter-output>
          </reporter-output>
        </test-method> <!-- acConfig -->
        <test-method is-config="true" signature="asConfig()[pri:0, instance:BaseClass.Tests.CreateContactWithOrganization_Test@1b11171f]" started-at="2023-04-06T10:41:42 IST" name="asConfig" finished-at="2023-04-06T10:41:42 IST" duration-ms="3" status="PASS">
          <reporter-output>
          </reporter-output>
        </test-method> <!-- asConfig -->
      </class> <!-- BaseClass.Tests.CreateContactWithOrganization_Test -->
    </test> <!-- Default test -->
  </suite> <!-- Default suite -->
</testng-results>
